2026-01-16 19:14:15.388 [main] INFO  o.s.t.c.support.DefaultTestContextBootstrapper - Loaded default TestExecutionListener class names from location [META-INF/spring.factories]: [org.springframework.test.context.web.ServletTestExecutionListener, org.springframework.test.context.support.DirtiesContextBeforeModesTestExecutionListener, org.springframework.test.context.event.ApplicationEventsTestExecutionListener, org.springframework.test.context.support.DependencyInjectionTestExecutionListener, org.springframework.test.context.support.DirtiesContextTestExecutionListener, org.springframework.test.context.transaction.TransactionalTestExecutionListener, org.springframework.test.context.jdbc.SqlScriptsTestExecutionListener, org.springframework.test.context.event.EventPublishingTestExecutionListener]
2026-01-16 19:14:15.406 [main] INFO  o.s.t.c.support.DefaultTestContextBootstrapper - Using TestExecutionListeners: [org.springframework.test.context.web.ServletTestExecutionListener@52b1beb6, org.springframework.test.context.support.DirtiesContextBeforeModesTestExecutionListener@273e7444, org.springframework.test.context.event.ApplicationEventsTestExecutionListener@7db12bb6, org.springframework.test.context.support.DependencyInjectionTestExecutionListener@783a467b, org.springframework.test.context.support.DirtiesContextTestExecutionListener@272113c4, org.springframework.test.context.transaction.TransactionalTestExecutionListener@73e9cf30, org.springframework.test.context.jdbc.SqlScriptsTestExecutionListener@771a660, org.springframework.test.context.event.EventPublishingTestExecutionListener@2d52216b]
2026-01-16 19:14:15.997 [main] DEBUG org.mybatis.spring.mapper.ClassPathMapperScanner - Identified candidate component class: file [C:\Users\zhousicheng\Desktop\project\target\classes\com\hotel\dao\OrderDao.class]
2026-01-16 19:14:15.998 [main] DEBUG org.mybatis.spring.mapper.ClassPathMapperScanner - Identified candidate component class: file [C:\Users\zhousicheng\Desktop\project\target\classes\com\hotel\dao\RoomCategoryDao.class]
2026-01-16 19:14:15.998 [main] DEBUG org.mybatis.spring.mapper.ClassPathMapperScanner - Identified candidate component class: file [C:\Users\zhousicheng\Desktop\project\target\classes\com\hotel\dao\RoomInfoDao.class]
2026-01-16 19:14:15.998 [main] DEBUG org.mybatis.spring.mapper.ClassPathMapperScanner - Identified candidate component class: file [C:\Users\zhousicheng\Desktop\project\target\classes\com\hotel\dao\UserDao.class]
2026-01-16 19:14:15.999 [main] DEBUG org.mybatis.spring.mapper.ClassPathMapperScanner - Creating MapperFactoryBean with name 'orderDao' and 'com.hotel.dao.OrderDao' mapperInterface
2026-01-16 19:14:16.001 [main] DEBUG org.mybatis.spring.mapper.ClassPathMapperScanner - Creating MapperFactoryBean with name 'roomCategoryDao' and 'com.hotel.dao.RoomCategoryDao' mapperInterface
2026-01-16 19:14:16.001 [main] DEBUG org.mybatis.spring.mapper.ClassPathMapperScanner - Creating MapperFactoryBean with name 'roomInfoDao' and 'com.hotel.dao.RoomInfoDao' mapperInterface
2026-01-16 19:14:16.002 [main] DEBUG org.mybatis.spring.mapper.ClassPathMapperScanner - Creating MapperFactoryBean with name 'userDao' and 'com.hotel.dao.UserDao' mapperInterface
2026-01-16 19:14:16.462 [main] INFO  com.alibaba.druid.pool.DruidDataSource - {dataSource-1} inited
2026-01-16 19:14:16.764 [main] DEBUG org.mybatis.spring.SqlSessionFactoryBean - Parsed configuration file: 'class path resource [mybatis-config.xml]'
2026-01-16 19:14:16.855 [main] DEBUG org.mybatis.spring.SqlSessionFactoryBean - Parsed mapper file: 'file [C:\Users\zhousicheng\Desktop\project\target\classes\mapper\OrderDao.xml]'
2026-01-16 19:14:16.874 [main] DEBUG org.mybatis.spring.SqlSessionFactoryBean - Parsed mapper file: 'file [C:\Users\zhousicheng\Desktop\project\target\classes\mapper\RoomCategoryDao.xml]'
2026-01-16 19:14:16.890 [main] DEBUG org.mybatis.spring.SqlSessionFactoryBean - Parsed mapper file: 'file [C:\Users\zhousicheng\Desktop\project\target\classes\mapper\RoomInfoDao.xml]'
2026-01-16 19:14:16.900 [main] DEBUG org.mybatis.spring.SqlSessionFactoryBean - Parsed mapper file: 'file [C:\Users\zhousicheng\Desktop\project\target\classes\mapper\UserDao.xml]'
2026-01-16 19:14:17.650 [SpringContextShutdownHook] INFO  com.alibaba.druid.pool.DruidDataSource - {dataSource-1} closing ...
2026-01-16 19:14:17.663 [SpringContextShutdownHook] INFO  com.alibaba.druid.pool.DruidDataSource - {dataSource-1} closed
2026-01-16 19:28:00.822 [localhost-startStop-1] INFO  org.springframework.web.context.ContextLoader - Root WebApplicationContext: initialization started
2026-01-16 19:28:01.182 [localhost-startStop-1] DEBUG org.mybatis.spring.mapper.ClassPathMapperScanner - Identified candidate component class: file [C:\Users\zhousicheng\Desktop\project\target\classes\com\hotel\dao\OrderDao.class]
2026-01-16 19:28:01.182 [localhost-startStop-1] DEBUG org.mybatis.spring.mapper.ClassPathMapperScanner - Identified candidate component class: file [C:\Users\zhousicheng\Desktop\project\target\classes\com\hotel\dao\RoomCategoryDao.class]
2026-01-16 19:28:01.183 [localhost-startStop-1] DEBUG org.mybatis.spring.mapper.ClassPathMapperScanner - Identified candidate component class: file [C:\Users\zhousicheng\Desktop\project\target\classes\com\hotel\dao\RoomInfoDao.class]
2026-01-16 19:28:01.183 [localhost-startStop-1] DEBUG org.mybatis.spring.mapper.ClassPathMapperScanner - Identified candidate component class: file [C:\Users\zhousicheng\Desktop\project\target\classes\com\hotel\dao\UserDao.class]
2026-01-16 19:28:01.185 [localhost-startStop-1] DEBUG org.mybatis.spring.mapper.ClassPathMapperScanner - Creating MapperFactoryBean with name 'orderDao' and 'com.hotel.dao.OrderDao' mapperInterface
2026-01-16 19:28:01.188 [localhost-startStop-1] DEBUG org.mybatis.spring.mapper.ClassPathMapperScanner - Creating MapperFactoryBean with name 'roomCategoryDao' and 'com.hotel.dao.RoomCategoryDao' mapperInterface
2026-01-16 19:28:01.189 [localhost-startStop-1] DEBUG org.mybatis.spring.mapper.ClassPathMapperScanner - Creating MapperFactoryBean with name 'roomInfoDao' and 'com.hotel.dao.RoomInfoDao' mapperInterface
2026-01-16 19:28:01.189 [localhost-startStop-1] DEBUG org.mybatis.spring.mapper.ClassPathMapperScanner - Creating MapperFactoryBean with name 'userDao' and 'com.hotel.dao.UserDao' mapperInterface
2026-01-16 19:28:01.798 [localhost-startStop-1] INFO  com.alibaba.druid.pool.DruidDataSource - {dataSource-1} inited
2026-01-16 19:28:02.003 [localhost-startStop-1] DEBUG org.mybatis.spring.SqlSessionFactoryBean - Parsed configuration file: 'class path resource [mybatis-config.xml]'
2026-01-16 19:28:02.069 [localhost-startStop-1] DEBUG org.mybatis.spring.SqlSessionFactoryBean - Parsed mapper file: 'file [C:\Users\zhousicheng\Desktop\project\target\classes\mapper\OrderDao.xml]'
2026-01-16 19:28:02.093 [localhost-startStop-1] DEBUG org.mybatis.spring.SqlSessionFactoryBean - Parsed mapper file: 'file [C:\Users\zhousicheng\Desktop\project\target\classes\mapper\RoomCategoryDao.xml]'
2026-01-16 19:28:02.102 [localhost-startStop-1] DEBUG org.mybatis.spring.SqlSessionFactoryBean - Parsed mapper file: 'file [C:\Users\zhousicheng\Desktop\project\target\classes\mapper\RoomInfoDao.xml]'
2026-01-16 19:28:02.112 [localhost-startStop-1] DEBUG org.mybatis.spring.SqlSessionFactoryBean - Parsed mapper file: 'file [C:\Users\zhousicheng\Desktop\project\target\classes\mapper\UserDao.xml]'
2026-01-16 19:28:02.243 [localhost-startStop-1] INFO  org.springframework.web.context.ContextLoader - Root WebApplicationContext initialized in 1419 ms
2026-01-16 19:28:02.298 [localhost-startStop-1] INFO  org.springframework.web.servlet.DispatcherServlet - Initializing Servlet 'springMVC'
2026-01-16 19:28:02.973 [localhost-startStop-1] INFO  org.springframework.web.servlet.DispatcherServlet - Completed initialization in 674 ms
2026-01-16 19:28:32.847 [http-bio-8080-exec-6] WARN  org.springframework.web.servlet.PageNotFound - No mapping for GET /favicon.ico
